Global seed set to 1
GPU available: True, used: True
TPU available: False, using: 0 TPU cores
IPU available: False, using: 0 IPUs
HPU available: False, using: 0 HPUs
Global seed set to 1
Initializing distributed: GLOBAL_RANK: 0, MEMBER: 1/1
[W socket.cpp:464] [c10d] The server socket cannot be initialized on [::]:40841 (errno: 97 - Address family not supported by protocol).
[W socket.cpp:697] [c10d] The client socket cannot be initialized to connect to [localhost]:40841 (errno: 97 - Address family not supported by protocol).
----------------------------------------------------------------------------------------------------
distributed_backend=nccl
All distributed processes registered. Starting with 1 processes
----------------------------------------------------------------------------------------------------

/home/cehr/.conda/envs/et_tox/lib/python3.9/site-packages/pytorch_lightning/callbacks/model_checkpoint.py:611: UserWarning: Checkpoint directory output_dir_edge/ exists and is not empty.
  rank_zero_warn(f"Checkpoint directory {dirpath} exists and is not empty.")
LOCAL_RANK: 0 - CUDA_VISIBLE_DEVICES: [0]

  | Name  | Type        | Params
--------------------------------------
0 | model | TorchMD_Net | 2.2 M 
--------------------------------------
2.2 M     Trainable params
0         Non-trainable params
2.2 M     Total params
8.626     Total estimated model params size (MB)
/home/cehr/.conda/envs/et_tox/lib/python3.9/site-packages/pytorch_lightning/loggers/csv_logs.py:57: UserWarning: Experiment logs directory output_dir_edge/ exists and is not empty. Previous log files in this directory will be deleted when the new ones are saved!
  rank_zero_warn(
/home/cehr/.conda/envs/et_tox/lib/python3.9/site-packages/torch/utils/data/dataloader.py:558: UserWarning: This DataLoader will create 12 worker processes in total. Our suggested max number of worker in current system is 1, which is smaller than what this DataLoader is going to create. Please be aware that excessive worker creation might get DataLoader running slow or even freeze, lower the worker number to avoid potential slowness/freeze if necessary.
  warnings.warn(_create_warning_msg(
/home/cehr/.conda/envs/et_tox/lib/python3.9/site-packages/pytorch_lightning/loops/utilities.py:91: PossibleUserWarning: `max_epochs` was not set. Setting it to 1000 epochs. To train without an epoch limit, set `max_epochs=-1`.
  rank_zero_warn(
GPU available: True, used: True
TPU available: False, using: 0 TPU cores
IPU available: False, using: 0 IPUs
HPU available: False, using: 0 HPUs
LOCAL_RANK: 0 - CUDA_VISIBLE_DEVICES: [0]
